<?xml version="1.0" encoding="UTF-8"?>
<testng-results ignored="0" total="1" passed="1" failed="0" skipped="0">
  <reporter-output>
    <line>
      <![CDATA[Default test started]]>
    </line>
    <line>
      <![CDATA[Login Page is Displayed, PASS]]>
    </line>
    <line>
      <![CDATA[verifyReports method started]]>
    </line>
    <line>
      <![CDATA[Enter Time Track Page is Displayed, PASS]]>
    </line>
    <line>
      <![CDATA[Reports Page is Displayed, PASS]]>
    </line>
    <line>
      <![CDATA[verifyReports method PASSED]]>
    </line>
  </reporter-output>
  <suite started-at="2022-01-27T22:12:54 IST" name="Default suite" finished-at="2022-01-27T22:14:06 IST" duration-ms="71147">
    <groups>
    </groups>
    <test started-at="2022-01-27T22:12:54 IST" name="Default test" finished-at="2022-01-27T22:14:06 IST" duration-ms="71147">
      <class name="com.actitime.report.VerifyReportsPage">
        <test-method is-config="true" signature="openBrowser()[pri:0, instance:com.actitime.report.VerifyReportsPage@29d89d5d]" started-at="2022-01-27T22:12:54 IST" name="openBrowser" finished-at="2022-01-27T22:13:33 IST" duration-ms="38620" status="PASS">
          <reporter-output>
            <line>
              <![CDATA[Login Page is Displayed, PASS]]>
            </line>
          </reporter-output>
        </test-method> <!-- openBrowser -->
        <test-method signature="verifyReports()[pri:0, instance:com.actitime.report.VerifyReportsPage@29d89d5d]" started-at="2022-01-27T22:13:33 IST" name="verifyReports" finished-at="2022-01-27T22:14:05 IST" duration-ms="32310" status="PASS">
          <reporter-output>
            <line>
              <![CDATA[verifyReports method started]]>
            </line>
            <line>
              <![CDATA[Enter Time Track Page is Displayed, PASS]]>
            </line>
            <line>
              <![CDATA[Reports Page is Displayed, PASS]]>
            </line>
            <line>
              <![CDATA[verifyReports method PASSED]]>
            </line>
          </reporter-output>
        </test-method> <!-- verifyReports -->
        <test-method is-config="true" signature="closeBrowser()[pri:0, instance:com.actitime.report.VerifyReportsPage@29d89d5d]" started-at="2022-01-27T22:14:05 IST" name="closeBrowser" finished-at="2022-01-27T22:14:06 IST" duration-ms="186" status="PASS">
          <reporter-output>
          </reporter-output>
        </test-method> <!-- closeBrowser -->
      </class> <!-- com.actitime.report.VerifyReportsPage -->
    </test> <!-- Default test -->
  </suite> <!-- Default suite -->
</testng-results>
